真实系数（对 [0,1] 归一化后的 Phi，系数应该被重新 scale，所以这里只看相对大小/稀疏性）:
  x1        : +0.800
  x2        : -0.600
  x3        : +0.700
  cos(x1)   : +0.500
  cos(x2)   : -0.400
  cos(x3)   : +0.300
  x1^2      : +0.200
  x2^2      : -0.150
  x3^2      : +0.250

===== L2 =====
--- lam=0.0001 val_mse=0.2670 ---
  x1        : +5.1519  (真实系数 ≠ 0)
  x2        : -6.3237  (真实系数 ≠ 0)
  x3        : +4.1697  (真实系数 ≠ 0)
  cos(x1)   : +0.5698  (真实系数 ≠ 0)
  cos(x2)   : -0.4916  (真实系数 ≠ 0)
  cos(x3)   : +0.0537  (真实系数 ≠ 0)
  x1^2      : +1.9331  (真实系数 ≠ 0)
  x2^2      : -6.4805  (真实系数 ≠ 0)
  x3^2      : +1.6165  (真实系数 ≠ 0)
--- lam=0.01 val_mse=0.4521 ---
  x1        : +3.5123  (真实系数 ≠ 0)
  x2        : -6.1207  (真实系数 ≠ 0)
  x3        : +3.7127  (真实系数 ≠ 0)
  cos(x1)   : -0.0332  (真实系数 ≠ 0)
  cos(x2)   : -0.4247  (真实系数 ≠ 0)
  cos(x3)   : -0.4287  (真实系数 ≠ 0)
  x1^2      : +0.2757  (真实系数 ≠ 0)
  x2^2      : -6.0576  (真实系数 ≠ 0)
  x3^2      : +0.9647  (真实系数 ≠ 0)
--- lam=1 val_mse=7.0588 ---
  x1        : +0.0900  (真实系数 ≠ 0)
  x2        : -0.3583  (真实系数 ≠ 0)
  x3        : +0.3030  (真实系数 ≠ 0)
  cos(x1)   : +0.0002  (真实系数 ≠ 0)
  cos(x2)   : +0.0718  (真实系数 ≠ 0)
  cos(x3)   : -0.1239  (真实系数 ≠ 0)
  x1^2      : +0.0013  (真实系数 ≠ 0)
  x2^2      : -0.3702  (真实系数 ≠ 0)
  x3^2      : +0.1095  (真实系数 ≠ 0)
--- lam=5 val_mse=7.6855 ---
  x1        : +0.0181  (真实系数 ≠ 0)
  x2        : -0.0747  (真实系数 ≠ 0)
  x3        : +0.0642  (真实系数 ≠ 0)
  cos(x1)   : +0.0001  (真实系数 ≠ 0)
  cos(x2)   : +0.0171  (真实系数 ≠ 0)
  cos(x3)   : -0.0288  (真实系数 ≠ 0)
  x1^2      : +0.0002  (真实系数 ≠ 0)
  x2^2      : -0.0769  (真实系数 ≠ 0)
  x3^2      : +0.0252  (真实系数 ≠ 0)

===== L1 =====
--- lam=0.0001 val_mse=0.2002 ---
  x1        : +5.3457  (真实系数 ≠ 0)
  x2        : -6.7377  (真实系数 ≠ 0)
  x3        : +4.1919  (真实系数 ≠ 0)
  cos(x1)   : +1.0302  (真实系数 ≠ 0)
  cos(x2)   : -0.5580  (真实系数 ≠ 0)
  cos(x3)   : +0.3238  (真实系数 ≠ 0)
  x1^2      : +2.9737  (真实系数 ≠ 0)
  x2^2      : -6.5232  (真实系数 ≠ 0)
  x3^2      : +1.9311  (真实系数 ≠ 0)
--- lam=0.01 val_mse=0.2616 ---
  x1        : +4.9014  (真实系数 ≠ 0)
  x2        : -6.0053  (真实系数 ≠ 0)
  x3        : +4.1265  (真实系数 ≠ 0)
  cos(x1)   : +0.0001  (真实系数 ≠ 0)
  cos(x2)   : -0.4117  (真实系数 ≠ 0)
  cos(x3)   : +0.0002  (真实系数 ≠ 0)
  x1^2      : +0.3023  (真实系数 ≠ 0)
  x2^2      : -6.9153  (真实系数 ≠ 0)
  x3^2      : +1.5087  (真实系数 ≠ 0)
--- lam=1 val_mse=7.8580 ---
  x1        : +0.0001  (真实系数 ≠ 0)
  x2        : -0.0014  (真实系数 ≠ 0)
  x3        : +0.0002  (真实系数 ≠ 0)
  cos(x1)   : -0.0002  (真实系数 ≠ 0)
  cos(x2)   : +0.0002  (真实系数 ≠ 0)
  cos(x3)   : -0.0001  (真实系数 ≠ 0)
  x1^2      : -0.0001  (真实系数 ≠ 0)
  x2^2      : -0.0002  (真实系数 ≠ 0)
  x3^2      : +0.0001  (真实系数 ≠ 0)
--- lam=5 val_mse=7.8586 ---
  x1        : +0.0001  (真实系数 ≠ 0)
  x2        : -0.0002  (真实系数 ≠ 0)
  x3        : +0.0001  (真实系数 ≠ 0)
  cos(x1)   : +0.0002  (真实系数 ≠ 0)
  cos(x2)   : +0.0001  (真实系数 ≠ 0)
  cos(x3)   : -0.0001  (真实系数 ≠ 0)
  x1^2      : -0.0000  (真实系数 ≠ 0)
  x2^2      : -0.0003  (真实系数 ≠ 0)
  x3^2      : +0.0003  (真实系数 ≠ 0)
