===== y2 回归：K / 度量 对比 =====
euclidean  k=1:1.674 k=3:1.009 k=5:0.929 k=10:0.868 k=30:1.025 k=100:1.186
manhattan  k=1:2.025 k=3:1.137 k=5:1.032 k=10:0.930 k=30:0.974 k=100:1.241
cosine     k=1:1.707 k=3:0.875 k=5:0.807 k=10:0.803 k=30:0.979 k=100:1.172

===== y3 分类：K / 度量 对比 =====
euclidean  k=1:0.300 k=3:0.260 k=5:0.290 k=10:0.330 k=30:0.290 k=100:0.380
manhattan  k=1:0.330 k=3:0.320 k=5:0.340 k=10:0.330 k=30:0.270 k=100:0.380
cosine     k=1:0.320 k=3:0.300 k=5:0.340 k=10:0.330 k=30:0.310 k=100:0.380

===== y2 数据量影响（k=10, euclidean）=====
n_train=50   test_mse=1.3969
n_train=100  test_mse=1.0305
n_train=300  test_mse=1.0255
n_train=500  test_mse=1.0649
n_train=800  test_mse=0.9541
n_train=1000 test_mse=0.8680

===== y2 数据量 x k 值 （cosine）=====
n_train  k=1   k=5   k=10  k=30 
50       2.388 1.334 1.391 1.924
100      2.113 1.110 1.043 1.436
300      1.890 1.060 1.061 1.201
500      1.890 0.987 0.897 1.108
800      1.819 0.873 0.881 1.028
1000     1.707 0.807 0.803 0.979

===== y3 数据量影响（k=10, euclidean）=====
n_train=50   test_acc=0.320
n_train=100  test_acc=0.360
n_train=300  test_acc=0.340
n_train=500  test_acc=0.350
n_train=800  test_acc=0.350
n_train=1000 test_acc=0.330
